<?xml version="1.0" encoding="UTF-8"?>
<!-- Generated by org.testng.reporters.JUnitReportReporter -->
<testsuite hostname="LAPTOP-C2SMS4AJ" failures="0" tests="1" name="testCases.Dashboardleaverequest" time="0.000" errors="0" timestamp="2020-06-25T12:05:51 EDT" skipped="1">
  <testcase classname="testCases.Dashboardleaverequest" name="leaveRequest" time="0.000">
    <skipped/>
  </testcase> <!-- leaveRequest -->
</testsuite> <!-- testCases.Dashboardleaverequest -->
